c:\users\krillenum (mat)\desktop\work asset\modules\object oriented programming\oopro4\exam\battleship\code\battleship\battleship\x64\debug\vc143.pdb
c:\users\krillenum (mat)\desktop\work asset\modules\object oriented programming\oopro4\exam\battleship\code\battleship\battleship\x64\debug\vc143.idb
c:\users\krillenum (mat)\desktop\work asset\modules\object oriented programming\oopro4\exam\battleship\code\battleship\battleship\x64\debug\grid.obj
c:\users\krillenum (mat)\desktop\work asset\modules\object oriented programming\oopro4\exam\battleship\code\battleship\battleship\x64\debug\boatmanager.obj
c:\users\krillenum (mat)\desktop\work asset\modules\object oriented programming\oopro4\exam\battleship\code\battleship\battleship\x64\debug\battleship.obj
c:\users\krillenum (mat)\desktop\work asset\modules\object oriented programming\oopro4\exam\battleship\code\battleship\battleship\x64\debug\botai.obj
c:\users\krillenum (mat)\desktop\work asset\modules\object oriented programming\oopro4\exam\battleship\code\battleship\battleship\x64\debug\model.obj
c:\users\krillenum (mat)\desktop\work asset\modules\object oriented programming\oopro4\exam\battleship\code\battleship\battleship\x64\debug\playerinfo.obj
c:\users\krillenum (mat)\desktop\work asset\modules\object oriented programming\oopro4\exam\battleship\code\battleship\battleship\x64\debug\view.obj
c:\users\krillenum (mat)\desktop\work asset\modules\object oriented programming\oopro4\exam\battleship\code\battleship\battleship\x64\debug\controller.obj
c:\users\krillenum (mat)\desktop\work asset\modules\object oriented programming\oopro4\exam\battleship\code\battleship\battleship\x64\debug\tile.obj
c:\users\krillenum (mat)\desktop\work asset\modules\object oriented programming\oopro4\exam\battleship\code\battleship\battleship\x64\debug\botstrategy.obj
c:\users\krillenum (mat)\desktop\work asset\modules\object oriented programming\oopro4\exam\battleship\code\battleship\x64\debug\battleship.exe
c:\users\krillenum (mat)\desktop\work asset\modules\object oriented programming\oopro4\exam\battleship\code\battleship\x64\debug\battleship.pdb
c:\users\krillenum (mat)\desktop\work asset\modules\object oriented programming\oopro4\exam\battleship\code\battleship\battleship\x64\debug\battleship.ilk
c:\users\krillenum (mat)\desktop\work asset\modules\object oriented programming\oopro4\exam\battleship\code\battleship\battleship\x64\debug\boatmanager.obj.enc
c:\users\krillenum (mat)\desktop\work asset\modules\object oriented programming\oopro4\exam\battleship\code\battleship\battleship\x64\debug\controller.obj.enc
c:\users\krillenum (mat)\desktop\work asset\modules\object oriented programming\oopro4\exam\battleship\code\battleship\battleship\x64\debug\view.obj.enc
c:\users\krillenum (mat)\desktop\work asset\modules\object oriented programming\oopro4\exam\battleship\code\battleship\battleship\x64\debug\battleship.tlog\cl.command.1.tlog
c:\users\krillenum (mat)\desktop\work asset\modules\object oriented programming\oopro4\exam\battleship\code\battleship\battleship\x64\debug\battleship.tlog\cl.items.tlog
c:\users\krillenum (mat)\desktop\work asset\modules\object oriented programming\oopro4\exam\battleship\code\battleship\battleship\x64\debug\battleship.tlog\cl.read.1.tlog
c:\users\krillenum (mat)\desktop\work asset\modules\object oriented programming\oopro4\exam\battleship\code\battleship\battleship\x64\debug\battleship.tlog\cl.write.1.tlog
c:\users\krillenum (mat)\desktop\work asset\modules\object oriented programming\oopro4\exam\battleship\code\battleship\battleship\x64\debug\battleship.tlog\link.command.1.tlog
c:\users\krillenum (mat)\desktop\work asset\modules\object oriented programming\oopro4\exam\battleship\code\battleship\battleship\x64\debug\battleship.tlog\link.read.1.tlog
c:\users\krillenum (mat)\desktop\work asset\modules\object oriented programming\oopro4\exam\battleship\code\battleship\battleship\x64\debug\battleship.tlog\link.secondary.1.tlog
c:\users\krillenum (mat)\desktop\work asset\modules\object oriented programming\oopro4\exam\battleship\code\battleship\battleship\x64\debug\battleship.tlog\link.write.1.tlog
